<?xml version="1.0" encoding="UTF-8"?>
<!-- Generated by org.testng.reporters.JUnitReportReporter -->
<testsuite hostname="Noor" failures="0" tests="9" name="test.Search_Bar_Test" time="94.417" errors="0" timestamp="2023-06-12T13:25:21 IST" skipped="0">
  <testcase classname="test.Search_Bar_Test" name="internship_search" time="6.594"/>
  <system-out/>
  <testcase classname="test.Search_Bar_Test" name="internship_city" time="7.056"/>
  <system-out/>
  <testcase classname="test.Search_Bar_Test" name="internship_categories" time="9.465"/>
  <system-out/>
  <testcase classname="test.Search_Bar_Test" name="Online_Traning_list_selection" time="30.660"/>
  <system-out/>
  <testcase classname="test.Search_Bar_Test" name="Data_Science" time="9.573"/>
  <system-out/>
  <testcase classname="test.Search_Bar_Test" name="Online_Popular_Traning_select_training_autocad" time="5.986"/>
  <system-out/>
  <testcase classname="test.Search_Bar_Test" name="Jobs_Drop_Down_List_Text_Search_Media" time="10.631"/>
  <system-out/>
  <testcase classname="test.Search_Bar_Test" name="Jobs_Drop_Down_List_Popular_Locations" time="7.222"/>
  <system-out/>
  <testcase classname="test.Search_Bar_Test" name="Jobs_Drop_Down_List_Popular_Categories" time="7.230"/>
  <system-out/>
</testsuite> <!-- test.Search_Bar_Test -->
