<?xml version="1.0" encoding="UTF-8"?>
<!-- Generated by org.testng.reporters.JUnitReportReporter -->
<testsuite hostname="Noor" failures="0" tests="8" name="test.Login_UI_Tests" time="20.860" errors="0" timestamp="2023-06-12T13:25:21 IST" skipped="0">
  <testcase classname="test.Login_UI_Tests" name="Email_Field" time="2.241"/>
  <system-out/>
  <testcase classname="test.Login_UI_Tests" name="Password_Field" time="0.031"/>
  <system-out/>
  <testcase classname="test.Login_UI_Tests" name="Login_Button" time="0.035"/>
  <system-out/>
  <testcase classname="test.Login_UI_Tests" name="Invalid_Email_Msg" time="0.310"/>
  <system-out/>
  <testcase classname="test.Login_UI_Tests" name="Wrong_Email_Password_Warnning" time="2.746"/>
  <system-out/>
  <testcase classname="test.Login_UI_Tests" name="Warning_Close_Button" time="7.562"/>
  <system-out/>
  <testcase classname="test.Login_UI_Tests" name="Blank_Email_Error_Msg" time="3.810"/>
  <system-out/>
  <testcase classname="test.Login_UI_Tests" name="Blank_Password_Error_Msg" time="4.125"/>
  <system-out/>
</testsuite> <!-- test.Login_UI_Tests -->
