<?xml version="1.0" encoding="UTF-8"?>
<!-- Generated by org.testng.reporters.JUnitReportReporter -->
<testsuite hostname="Noor" failures="0" tests="9" name="test.Search_Bar_UI_Test" time="180.151" errors="0" timestamp="2023-06-12T13:25:21 IST" skipped="0">
  <testcase classname="test.Search_Bar_UI_Test" name="Internship_Search_Page_Visibility" time="13.415"/>
  <system-out/>
  <testcase classname="test.Search_Bar_UI_Test" name="Internship_City_Visibility" time="11.818"/>
  <system-out/>
  <testcase classname="test.Search_Bar_UI_Test" name="Internship_Categories_Visibility" time="5.922"/>
  <system-out/>
  <testcase classname="test.Search_Bar_UI_Test" name="Online_Traning_list_selection_Visibility" time="47.093"/>
  <system-out/>
  <testcase classname="test.Search_Bar_UI_Test" name="Data_Science_Visibility" time="35.762"/>
  <system-out/>
  <testcase classname="test.Search_Bar_UI_Test" name="Online_Popular_Traning_select_training_autocad_Visibility" time="28.226"/>
  <system-out/>
  <testcase classname="test.Search_Bar_UI_Test" name="Jobs_Drop_Down_List_Text_Search_Media_Visibility" time="23.177"/>
  <system-out/>
  <testcase classname="test.Search_Bar_UI_Test" name="Jobs_Drop_Down_List_Popular_Locations_Visibility" time="11.576"/>
  <system-out/>
  <testcase classname="test.Search_Bar_UI_Test" name="Jobs_Drop_Down_List_Popular_Categories_Visibility" time="3.162"/>
  <system-out/>
</testsuite> <!-- test.Search_Bar_UI_Test -->
